[debug] [2022-10-14T13:11:47.298Z] ----------------------------------------------------------------------
[debug] [2022-10-14T13:11:47.302Z] Command:       C:\Program Files\nodejs\node.exe C:\Users\Sager Abbasi\AppData\Roaming\npm\node_modules\firebase-tools\lib\bin\firebase.js init
[debug] [2022-10-14T13:11:47.302Z] CLI Version:   11.14.3
[debug] [2022-10-14T13:11:47.303Z] Platform:      win32
[debug] [2022-10-14T13:11:47.303Z] Node Version:  v18.9.0
[debug] [2022-10-14T13:11:47.323Z] Time:          Fri Oct 14 2022 18:11:47 GMT+0500 (Pakistan Standard Time)
[debug] [2022-10-14T13:11:47.324Z] ----------------------------------------------------------------------
[debug] 
[debug] [2022-10-14T13:11:47.340Z] > command requires scopes: ["email","openid","https://www.googleapis.com/auth/cloudplatformprojects.readonly","https://www.googleapis.com/auth/firebase","https://www.googleapis.com/auth/cloud-platform"]
[debug] [2022-10-14T13:11:47.341Z] > authorizing via signed-in user (sagarabbasi7786@gmail.com)
[info] 
     ######## #### ########  ######## ########     ###     ######  ########
     ##        ##  ##     ## ##       ##     ##  ##   ##  ##       ##
     ######    ##  ########  ######   ########  #########  ######  ######
     ##        ##  ##    ##  ##       ##     ## ##     ##       ## ##
     ##       #### ##     ## ######## ########  ##     ##  ######  ########

You're about to initialize a Firebase project in this directory:

  C:\Users\Sager Abbasi\Documents\COMPLETE WEB DESIGNING COURSE CODING\Class folder\React\routing\websiterouting

[info] 
=== Project Setup
[info] 
[info] First, let's associate this project directory with a Firebase project.
[info] You can create multiple project aliases by running firebase use --add, 
[info] but for now we'll just set up a default project.
[info] 
[info] i  If you want to create a project in a Google Cloud organization or folder, please use "firebase projects:create" instead, and return to this command when you've created the project. 
